<?xml version="1.0" encoding="UTF-8"?>
<!-- Generated by org.testng.reporters.JUnitReportReporter -->
<testsuite skipped="0" hostname="DESKTOP-1C7TUAO" name="SeleniumTesting.ForgotP" tests="1" failures="0" timestamp="30 Oct 2018 23:59:09 GMT" time="2.157" errors="0">
  <testcase name="Register" time="2.157" classname="SeleniumTesting.ForgotP"/>
</testsuite> <!-- SeleniumTesting.ForgotP -->
