<?xml version="1.0" encoding="UTF-8"?>
<!-- Generated by org.testng.reporters.JUnitReportReporter -->
<testsuite skipped="0" hostname="DESKTOP-1C7TUAO" name="SeleniumTesting.LoginTest" tests="1" failures="0" timestamp="31 Oct 2018 00:55:50 GMT" time="3.122" errors="0">
  <testcase name="signIn" time="3.122" classname="SeleniumTesting.LoginTest"/>
</testsuite> <!-- SeleniumTesting.LoginTest -->
