<?xml version="1.0" encoding="UTF-8"?>
<!-- Generated by org.testng.reporters.JUnitReportReporter -->
<testsuite skipped="0" hostname="DESKTOP-1C7TUAO" name="SeleniumTesting.LoginTest" tests="1" failures="0" timestamp="30 Oct 2018 16:35:45 GMT" time="2.992" errors="0">
  <testcase name="signIn" time="2.992" classname="SeleniumTesting.LoginTest"/>
</testsuite> <!-- SeleniumTesting.LoginTest -->
