<?xml version="1.0" encoding="UTF-8"?>
<!-- Generated by org.testng.reporters.JUnitReportReporter -->
<testsuite skipped="1" hostname="DESKTOP-1C7TUAO" name="SeleniumTesting.CreateAccounttTest2" tests="1" failures="0" timestamp="31 Oct 2018 00:53:35 GMT" time="0.000" errors="0">
  <testcase name="Register" time="0.000" classname="SeleniumTesting.CreateAccounttTest2">
    <skipped/>
  </testcase> <!-- Register -->
</testsuite> <!-- SeleniumTesting.CreateAccounttTest2 -->
