<?xml version="1.0" encoding="UTF-8"?>
<!-- Generated by org.testng.reporters.JUnitReportReporter -->
<testsuite skipped="0" hostname="DESKTOP-1C7TUAO" name="SeleniumTesting.CreateAccountTest" tests="1" failures="0" timestamp="31 Oct 2018 01:02:04 GMT" time="16.529" errors="0">
  <testcase name="Register" time="16.529" classname="SeleniumTesting.CreateAccountTest"/>
</testsuite> <!-- SeleniumTesting.CreateAccountTest -->
