<?xml version="1.0" encoding="UTF-8"?>
<!-- Generated by org.testng.reporters.JUnitReportReporter -->
<testsuite skipped="0" hostname="DESKTOP-1C7TUAO" name="SeleniumTesting.LoginTest" tests="1" failures="0" timestamp="22 Oct 2018 04:32:08 GMT" time="3.397" errors="0">
  <testcase name="signIn" time="3.397" classname="SeleniumTesting.LoginTest"/>
</testsuite> <!-- SeleniumTesting.LoginTest -->
